25
1 A
2 B
3 A
4 B
5 A
6 B
7 A
8 A
9 B
10 C
11 B
12 C
13 C
14 A
15 A
16 C
17 A
18 A
20 B
22 C
24 B
25 C
27 C
29 C
31 C
14
1 B
2 A
3 A
4 A
5 A
6 C
7 A
9 A
10 A
11 A
13 B
15 B
16 B
18 B
13
1 C
2 B
3 C
4 A
5 A
7 B
8 A
9 B
10 A
11 A
12 A
13 A
14 B
14
1 A
2 C
4 B
5 B
6 A
7 A
8 B
10 A
13 A
17 A
18 A
19 B
22 B
23 B
3
1 C
2 B
3 B
20
1 B
2 B
3 C
4 A
5 A
6 C
8 B
9 A
10 C
11 A
12 A
13 B
14 B
15 B
16 C
17 A
18 A
19 A
20 B
21 B
13
1 C
2 B
3 C
4 A
5 C
6 A
8 A
9 A
10 A
11 B
12 B
13 B
14 A
17
1 A
3 C
4 A
5 A
6 C
7 B
8 A
9 C
10 B
11 B
12 B
13 B
14 A
15 A
16 A
18 B
20 B
14
1 B
2 A
3 B
4 B
5 B
6 A
7 A
8 C
9 A
10 A
11 A
15 A
16 B
17 B
18
1 C
2 B
3 B
4 A
7 A
8 C
9 A
10 B
12 B
14 B
15 A
16 A
19 A
21 A
22 A
23 A
24 B
25 B
