17
1 B
2 B
3 B
4 B
5 B
6 C
7 C
8 C
9 C
10 A
11 A
12 A
13 B
14 A
15 C
16 B
17 B
11
1 A
2 A
3 A
4 A
6 B
7 C
8 B
9 B
10 B
11 C
12 C
14
1 A
2 B
3 B
4 B
5 C
6 C
7 A
8 A
9 A
10 A
11 B
12 A
13 B
14 B
12
1 A
2 A
5 B
6 B
7 B
8 B
9 B
10 B
11 B
12 B
13 C
14 C
11
1 A
2 A
3 A
4 A
6 B
7 B
8 B
9 B
10 B
11 B
12 C
12
1 A
2 A
3 A
4 B
5 B
6 B
7 B
9 C
10 C
11 A
12 A
13 A
18
1 A
2 A
3 A
4 B
5 B
6 B
7 C
8 C
9 C
10 C
11 C
12 A
13 A
14 A
15 B
16 B
17 A
18 C
14
1 A
2 A
3 A
4 A
5 A
6 B
7 B
8 B
10 C
11 A
12 A
13 A
14 C
15 C
15
1 A
2 B
3 B
4 C
5 C
6 C
7 C
8 A
9 A
10 A
11 A
12 B
13 A
14 C
15 B
13
1 A
2 A
3 A
4 A
5 A
6 B
7 B
8 B
10 A
11 A
12 A
13 C
14 C
